<?xml version="1.0" encoding="UTF-8"?>
<testsuite xmlns:xsi="http://www.w3.org/2001/XMLSchema-instance" xsi:noNamespaceSchemaLocation="https://maven.apache.org/surefire/maven-surefire-plugin/xsd/surefire-test-report.xsd" name="basic validation" time="3.881" tests="3" errors="0" skipped="0" failures="0">
  <properties>
[...]
</properties>
  <testcase name="validate user name" classname="basic validation" time="2.325"/>
  <testcase name="validate userId" classname="basic validation" time="0.177"/>
  <testcase name="validate email format" classname="basic validation" time="1.376"/>
</testsuite>